#
# There is insufficient memory for the Java Runtime Environment to continue.
# Native memory allocation (mmap) failed to map 201326592 bytes for Failed to commit area from 0x0000000741c00000 to 0x000000074dc00000 of length 201326592.
# Possible reasons:
#   The system is out of physical RAM or swap space
#   The process is running with CompressedOops enabled, and the Java Heap may be blocking the growth of the native heap
# Possible solutions:
#   Reduce memory load on the system
#   Increase physical memory or swap space
#   Check if swap backing store is full
#   Decrease Java heap size (-Xmx/-Xms)
#   Decrease number of Java threads
#   Decrease Java thread stack sizes (-Xss)
#   Set larger code cache with -XX:ReservedCodeCacheSize=
# This output file may be truncated or incomplete.
#
#  Out of Memory Error (t:/workspace/open/src/hotspot/os/windows/os_windows.cpp:3254), pid=3392, tid=13184
#
# JRE version:  (12.0.1+12) (build )
# Java VM: Java HotSpot(TM) 64-Bit Server VM (12.0.1+12, mixed mode, aot, sharing, tiered, compressed oops, g1 gc, windows-amd64)
# No core dump will be written. Minidumps are not enabled by default on client versions of Windows
#

---------------  S U M M A R Y ------------

Command Line: -Dfile.encoding=MS949 --module-path=C:\Users\BYEONGGYU\Desktop\eclipse-workspace\mysql-connector-java-5.1.47.jar;C:\Users\BYEONGGYU\Desktop\eclipse-workspace\mysql-connector-java-5.1.47-bin.jar;C:\Users\BYEONGGYU\Desktop\eclipse-workspace\ojdbc14.jar p190718.WDB

Host: Intel(R) Core(TM) i5-8265U CPU @ 1.60GHz, 8 cores, 11G,  Windows 10 , 64 bit Build 18362 (10.0.18362.86)
Time: Thu Jul 18 15:29:10 2019 ¢¥eCN©öI¡¾©ö C¡ÍA¨ª¨öA elapsed time: 0 seconds (0d 0h 0m 0s)

---------------  T H R E A D  ---------------

Current thread (0x0000024dc5b27800):  JavaThread "Unknown thread" [_thread_in_vm, id=13184, stack(0x000000dfcb400000,0x000000dfcb500000)]

Stack: [0x000000dfcb400000,0x000000dfcb500000]
Native frames: (J=compiled Java code, j=interpreted, Vv=VM code, C=native code)
V  [jvm.dll+0x63948a]
V  [jvm.dll+0x78b31f]
V  [jvm.dll+0x78c9c1]
V  [jvm.dll+0x78d013]
V  [jvm.dll+0x262138]
V  [jvm.dll+0x63698a]
V  [jvm.dll+0x62b505]
V  [jvm.dll+0x31d9bc]
V  [jvm.dll+0x31d7ef]
V  [jvm.dll+0x323526]
V  [jvm.dll+0x370f76]
V  [jvm.dll+0x370750]
V  [jvm.dll+0x2f786a]
V  [jvm.dll+0x2f8af2]
V  [jvm.dll+0x7657b7]
V  [jvm.dll+0x766e95]
V  [jvm.dll+0x37f089]
V  [jvm.dll+0x749b14]
V  [jvm.dll+0x3ee48d]
V  [jvm.dll+0x3f03c1]
C  [jli.dll+0x51cf]
C  [ucrtbase.dll+0x1d912]
C  [KERNEL32.DLL+0x17bd4]
C  [ntdll.dll+0x6ce71]


---------------  P R O C E S S  ---------------

Threads class SMR info:
_java_thread_list=0x00007ff95d5e48e8, length=0, elements={
}

Java Threads: ( => current thread )

Other Threads:
  0x0000024dc5b78800 GCTaskThread "GC Thread#0" [stack: 0x000000dfcb500000,0x000000dfcb600000] [id=15208]
  0x0000024dc5b8d800 ConcurrentGCThread "G1 Main Marker" [stack: 0x000000dfcb600000,0x000000dfcb700000] [id=20404]
  0x0000024dc5b91800 ConcurrentGCThread "G1 Conc#0" [stack: 0x000000dfcb700000,0x000000dfcb800000] [id=8376]

[error occurred during error reporting (printing all threads), id 0xc0000005, EXCEPTION_ACCESS_VIOLATION (0xc0000005) at pc=0x00007ff95ce17a37]

VM state:not at safepoint (not fully initialized)

VM Mutex/Monitor currently owned by a thread:  ([mutex/lock_event])
[0x0000024dc5b22b10] Heap_lock - owner thread: 0x0000024dc5b27800

Heap address: 0x0000000741c00000, size: 3044 MB, Compressed Oops mode: Non-zero based: 0x0000000741c00000
Narrow klass base: 0x0000000000000000, Narrow klass shift: 0

GC Heap History (0 events):
No events

Deoptimization events (0 events):
No events

Classes redefined (0 events):
No events

Internal exceptions (0 events):
No events

Events (0 events):
No events


Dynamic libraries:
0x00007ff772ce0000 - 0x00007ff772cef000 	C:\Program Files\Java\jdk-12.0.1\bin\javaw.exe
0x00007ff99b500000 - 0x00007ff99b6f0000 	C:\Windows\SYSTEM32\ntdll.dll
0x00007ff99a4c0000 - 0x00007ff99a572000 	C:\Windows\System32\KERNEL32.DLL
0x00007ff998f10000 - 0x00007ff9991b3000 	C:\Windows\System32\KERNELBASE.dll
0x00007ff998e10000 - 0x00007ff998f0a000 	C:\Windows\System32\ucrtbase.dll
0x00007ff980480000 - 0x00007ff980496000 	C:\Program Files\Java\jdk-12.0.1\bin\VCRUNTIME140.dll
0x00007ff980460000 - 0x00007ff980478000 	C:\Program Files\Java\jdk-12.0.1\bin\jli.dll
0x00007ff99a800000 - 0x00007ff99a8a3000 	C:\Windows\System32\ADVAPI32.dll
0x00007ff99a8b0000 - 0x00007ff99a94e000 	C:\Windows\System32\msvcrt.dll
0x00007ff99aac0000 - 0x00007ff99ab57000 	C:\Windows\System32\sechost.dll
0x00007ff99ab60000 - 0x00007ff99ac80000 	C:\Windows\System32\RPCRT4.dll
0x00007ff9995c0000 - 0x00007ff999753000 	C:\Windows\System32\USER32.dll
0x00007ff999390000 - 0x00007ff9993b1000 	C:\Windows\System32\win32u.dll
0x00007ff989280000 - 0x00007ff989505000 	C:\Windows\WinSxS\amd64_microsoft.windows.common-controls_6595b64144ccf1df_6.0.18362.239_none_e6c7aebd130c7608\COMCTL32.dll
0x00007ff99ad30000 - 0x00007ff99ad56000 	C:\Windows\System32\GDI32.dll
0x00007ff9984a0000 - 0x00007ff998634000 	C:\Windows\System32\gdi32full.dll
0x00007ff9998f0000 - 0x00007ff999c26000 	C:\Windows\System32\combase.dll
0x00007ff999470000 - 0x00007ff99950e000 	C:\Windows\System32\msvcp_win.dll
0x00007ff999310000 - 0x00007ff999390000 	C:\Windows\System32\bcryptPrimitives.dll
0x00007ff992350000 - 0x00007ff99235a000 	C:\Windows\SYSTEM32\VERSION.dll
0x00007ff99b490000 - 0x00007ff99b4be000 	C:\Windows\System32\IMM32.DLL
0x00007ff965cd0000 - 0x00007ff965d7a000 	C:\Program Files\Java\jdk-12.0.1\bin\msvcp140.dll
0x00007ff95cb10000 - 0x00007ff95d684000 	C:\Program Files\Java\jdk-12.0.1\bin\server\jvm.dll
0x00007ff99aab0000 - 0x00007ff99aab8000 	C:\Windows\System32\PSAPI.DLL
0x00007ff97db50000 - 0x00007ff97db59000 	C:\Windows\SYSTEM32\WSOCK32.dll
0x00007ff995f80000 - 0x00007ff995fa4000 	C:\Windows\SYSTEM32\WINMM.dll
0x00007ff99b420000 - 0x00007ff99b48f000 	C:\Windows\System32\WS2_32.dll
0x00007ff995e70000 - 0x00007ff995e9d000 	C:\Windows\SYSTEM32\WINMMBASE.dll
0x00007ff998640000 - 0x00007ff99868a000 	C:\Windows\System32\cfgmgr32.dll
0x00007ff9983f0000 - 0x00007ff998401000 	C:\Windows\System32\kernel.appcore.dll
0x00007ff989570000 - 0x00007ff989581000 	C:\Program Files\Java\jdk-12.0.1\bin\verify.dll
0x00007ff996c90000 - 0x00007ff996e84000 	C:\Windows\SYSTEM32\DBGHELP.DLL
0x00007ff97c4d0000 - 0x00007ff97c4fa000 	C:\Windows\SYSTEM32\dbgcore.DLL
0x00007ff97bc20000 - 0x00007ff97bc46000 	C:\Program Files\Java\jdk-12.0.1\bin\java.dll
0x00007ff980c80000 - 0x00007ff980c97000 	C:\Program Files\Java\jdk-12.0.1\bin\zip.dll
0x00007ff993560000 - 0x00007ff99356a000 	C:\Program Files\Java\jdk-12.0.1\bin\jimage.dll

dbghelp: loaded successfully - version: 4.0.5 - missing functions: none
symbol engine: initialized successfully - sym options: 0x614 - pdb path: .;C:\Program Files\Java\jdk-12.0.1\bin;C:\Windows\SYSTEM32;C:\Windows\WinSxS\amd64_microsoft.windows.common-controls_6595b64144ccf1df_6.0.18362.239_none_e6c7aebd130c7608;C:\Program Files\Java\jdk-12.0.1\bin\server

VM Arguments:
jvm_args: -Dfile.encoding=MS949 --module-path=C:\Users\BYEONGGYU\Desktop\eclipse-workspace\mysql-connector-java-5.1.47.jar;C:\Users\BYEONGGYU\Desktop\eclipse-workspace\mysql-connector-java-5.1.47-bin.jar;C:\Users\BYEONGGYU\Desktop\eclipse-workspace\ojdbc14.jar 
java_command: p190718.WDB
java_class_path (initial): C:\Users\BYEONGGYU\Desktop\eclipse-workspace\p190718\bin
Launcher Type: SUN_STANDARD

[Global flags]
     intx CICompilerCount                          = 4                                         {product} {ergonomic}
     uint ConcGCThreads                            = 2                                         {product} {ergonomic}
     uint G1ConcRefinementThreads                  = 8                                         {product} {ergonomic}
   size_t G1HeapRegionSize                         = 1048576                                   {product} {ergonomic}
    uintx GCDrainStackTargetSize                   = 64                                        {product} {ergonomic}
   size_t InitialHeapSize                          = 201326592                                 {product} {ergonomic}
   size_t MarkStackSize                            = 4194304                                   {product} {ergonomic}
   size_t MaxHeapSize                              = 3191865344                                {product} {ergonomic}
   size_t MinHeapDeltaBytes                        = 1048576                                   {product} {ergonomic}
    uintx NonNMethodCodeHeapSize                   = 5836300                                {pd product} {ergonomic}
    uintx NonProfiledCodeHeapSize                  = 122910970                              {pd product} {ergonomic}
    uintx ProfiledCodeHeapSize                     = 122910970                              {pd product} {ergonomic}
    uintx ReservedCodeCacheSize                    = 251658240                              {pd product} {ergonomic}
     bool SegmentedCodeCache                       = true                                      {product} {ergonomic}
     bool UseCompressedClassPointers               = true                                 {lp64_product} {ergonomic}
     bool UseCompressedOops                        = true                                 {lp64_product} {ergonomic}
     bool UseG1GC                                  = true                                      {product} {ergonomic}
     bool UseLargePagesIndividualAllocation        = false                                  {pd product} {ergonomic}

Logging:
Log output configuration:
 #0: stdout all=warning uptime,level,tags
 #1: stderr all=off uptime,level,tags

Environment Variables:
JAVA_HOME=C:\Program Files\Java\jdk-12.0.1
CLASSPATH=C:\Program Files\Java\jdk-12.0.1\lib
PATH=C:/Program Files/Java/jdk-12.0.1/bin/server;C:/Program Files/Java/jdk-12.0.1/bin;C:\Program Files\Java\jdk-12.0.1\bin;C:\Program Files\Java\jdk-12.0.1;C:\oraclexe\app\oracle\product\11.2.0\server\bin;C:\Program Files (x86)\Common Files\Oracle\Java\javapath;C:\Windows\system32;C:\Windows;C:\Windows\System32\Wbem;C:\Windows\System32\WindowsPowerShell\v1.0\;C:\Windows\System32\OpenSSH\;C:\Program Files (x86)\NVIDIA Corporation\PhysX\Common;C:\Program Files\Intel\WiFi\bin\;C:\Program Files\Common Files\Intel\WirelessCommon\;C:\Program Files\MySQL\MySQL Shell 8.0\bin\;C:\Users\BYEONGGYU\Desktop;
USERNAME=BYEONGGYU
OS=Windows_NT
PROCESSOR_IDENTIFIER=Intel64 Family 6 Model 142 Stepping 11, GenuineIntel



---------------  S Y S T E M  ---------------

OS: Windows 10 , 64 bit Build 18362 (10.0.18362.86)

CPU:total 8 (initial active 8) (4 cores per cpu, 2 threads per core) family 6 model 142 stepping 11, cmov, cx8, fxsr, mmx, sse, sse2, sse3, ssse3, sse4.1, sse4.2, popcnt, avx, avx2, aes, clmul, erms, 3dnowpref, lzcnt, ht, tsc, tscinvbit, bmi1, bmi2, adx, fma

Memory: 4k page, system-wide physical 12171M (5643M free)
TotalPageFile size 13195M (AvailPageFile size 168M)
current process WorkingSet (physical memory assigned to process): 10M, peak: 10M
current process commit charge ("private bytes"): 60M, peak: 252M

vm_info: Java HotSpot(TM) 64-Bit Server VM (12.0.1+12) for windows-amd64 JRE (12.0.1+12), built on Apr  2 2019 14:02:19 by "mach5one" with MS VC++ 15.5 (VS2017)

END.
