#
# There is insufficient memory for the Java Runtime Environment to continue.
# Native memory allocation (mmap) failed to map 201326592 bytes for Failed to commit area from 0x0000000741c00000 to 0x000000074dc00000 of length 201326592.
# Possible reasons:
#   The system is out of physical RAM or swap space
#   The process is running with CompressedOops enabled, and the Java Heap may be blocking the growth of the native heap
# Possible solutions:
#   Reduce memory load on the system
#   Increase physical memory or swap space
#   Check if swap backing store is full
#   Decrease Java heap size (-Xmx/-Xms)
#   Decrease number of Java threads
#   Decrease Java thread stack sizes (-Xss)
#   Set larger code cache with -XX:ReservedCodeCacheSize=
# This output file may be truncated or incomplete.
#
#  Out of Memory Error (t:/workspace/open/src/hotspot/os/windows/os_windows.cpp:3254), pid=13768, tid=20336
#
# JRE version:  (12.0.1+12) (build )
# Java VM: Java HotSpot(TM) 64-Bit Server VM (12.0.1+12, mixed mode, sharing, tiered, compressed oops, g1 gc, windows-amd64)
# No core dump will be written. Minidumps are not enabled by default on client versions of Windows
#

---------------  S U M M A R Y ------------

Command Line: -agentlib:jdwp=transport=dt_socket,suspend=y,address=localhost:56105 -javaagent:C:\Users\BYEONGGYU\eclipse\java-latest-released\eclipse\configuration\org.eclipse.osgi\609\0\.cp\lib\javaagent-shaded.jar -Dfile.encoding=MS949 --module-path=C:\Users\BYEONGGYU\Desktop\mysql-connector-java-5.1.47\mysql-connector-java-5.1.47.jar;C:\Users\BYEONGGYU\Desktop\mysql-connector-java-5.1.47\mysql-connector-java-5.1.47-bin.jar p190715.project190715

Host: Intel(R) Core(TM) i5-8265U CPU @ 1.60GHz, 8 cores, 11G,  Windows 10 , 64 bit Build 18362 (10.0.18362.86)
Time: Mon Jul 15 11:30:24 2019 ¢¥eCN©öI¡¾©ö C¡ÍA¨ª¨öA elapsed time: 0 seconds (0d 0h 0m 0s)

---------------  T H R E A D  ---------------

Current thread (0x000001f7a043a000):  JavaThread "Unknown thread" [_thread_in_vm, id=20336, stack(0x000000c2c3400000,0x000000c2c3500000)]

Stack: [0x000000c2c3400000,0x000000c2c3500000]
Native frames: (J=compiled Java code, j=interpreted, Vv=VM code, C=native code)
V  [jvm.dll+0x63948a]
V  [jvm.dll+0x78b31f]
V  [jvm.dll+0x78c9c1]
V  [jvm.dll+0x78d013]
V  [jvm.dll+0x262138]
V  [jvm.dll+0x63698a]
V  [jvm.dll+0x62b505]
V  [jvm.dll+0x31d9bc]
V  [jvm.dll+0x31d7ef]
V  [jvm.dll+0x323526]
V  [jvm.dll+0x370f76]
V  [jvm.dll+0x370750]
V  [jvm.dll+0x2f786a]
V  [jvm.dll+0x2f8af2]
V  [jvm.dll+0x7657b7]
V  [jvm.dll+0x766e95]
V  [jvm.dll+0x37f089]
V  [jvm.dll+0x749b14]
V  [jvm.dll+0x3ee48d]
V  [jvm.dll+0x3f03c1]
C  [jli.dll+0x51cf]
C  [ucrtbase.dll+0x1d912]
C  [KERNEL32.DLL+0x17bd4]
C  [ntdll.dll+0x6ce71]


---------------  P R O C E S S  ---------------

Threads class SMR info:
_java_thread_list=0x00007ffe5a4c48e8, length=0, elements={
}

Java Threads: ( => current thread )

Other Threads:
  0x000001f7a048d800 GCTaskThread "GC Thread#0" [stack: 0x000000c2c3500000,0x000000c2c3600000] [id=19120]
  0x000001f7a04a1800 ConcurrentGCThread "G1 Main Marker" [stack: 0x000000c2c3600000,0x000000c2c3700000] [id=15924]
  0x000001f7a04a4800 ConcurrentGCThread "G1 Conc#0" [stack: 0x000000c2c3700000,0x000000c2c3800000] [id=16752]

[error occurred during error reporting (printing all threads), id 0xc0000005, EXCEPTION_ACCESS_VIOLATION (0xc0000005) at pc=0x00007ffe59cf7a37]

VM state:not at safepoint (not fully initialized)

VM Mutex/Monitor currently owned by a thread:  ([mutex/lock_event])
[0x000001f7a0436740] Heap_lock - owner thread: 0x000001f7a043a000

Heap address: 0x0000000741c00000, size: 3044 MB, Compressed Oops mode: Non-zero based: 0x0000000741c00000
Narrow klass base: 0x0000000000000000, Narrow klass shift: 0

GC Heap History (0 events):
No events

Deoptimization events (0 events):
No events

Classes redefined (0 events):
No events

Internal exceptions (0 events):
No events

Events (0 events):
No events


Dynamic libraries:
0x00007ff7257f0000 - 0x00007ff7257ff000 	C:\Program Files\Java\jdk-12.0.1\bin\javaw.exe
0x00007ffea59c0000 - 0x00007ffea5bb0000 	C:\Windows\SYSTEM32\ntdll.dll
0x00007ffea58c0000 - 0x00007ffea5972000 	C:\Windows\System32\KERNEL32.DLL
0x00007ffea2d40000 - 0x00007ffea2fe3000 	C:\Windows\System32\KERNELBASE.dll
0x00007ffea2a10000 - 0x00007ffea2b0a000 	C:\Windows\System32\ucrtbase.dll
0x00007ffe9daf0000 - 0x00007ffe9db08000 	C:\Program Files\Java\jdk-12.0.1\bin\jli.dll
0x00007ffe9db10000 - 0x00007ffe9db26000 	C:\Program Files\Java\jdk-12.0.1\bin\VCRUNTIME140.dll
0x00007ffea3c80000 - 0x00007ffea3d23000 	C:\Windows\System32\ADVAPI32.dll
0x00007ffea54c0000 - 0x00007ffea555e000 	C:\Windows\System32\msvcrt.dll
0x00007ffea5170000 - 0x00007ffea5207000 	C:\Windows\System32\sechost.dll
0x00007ffea4a10000 - 0x00007ffea4b30000 	C:\Windows\System32\RPCRT4.dll
0x00007ffea3ae0000 - 0x00007ffea3c73000 	C:\Windows\System32\USER32.dll
0x00007ffea3830000 - 0x00007ffea3851000 	C:\Windows\System32\win32u.dll
0x00007ffe8dcd0000 - 0x00007ffe8df55000 	C:\Windows\WinSxS\amd64_microsoft.windows.common-controls_6595b64144ccf1df_6.0.18362.239_none_e6c7aebd130c7608\COMCTL32.dll
0x00007ffea5410000 - 0x00007ffea5436000 	C:\Windows\System32\GDI32.dll
0x00007ffea2ba0000 - 0x00007ffea2d34000 	C:\Windows\System32\gdi32full.dll
0x00007ffea4440000 - 0x00007ffea4776000 	C:\Windows\System32\combase.dll
0x00007ffea2ff0000 - 0x00007ffea308e000 	C:\Windows\System32\msvcp_win.dll
0x00007ffea3a00000 - 0x00007ffea3a80000 	C:\Windows\System32\bcryptPrimitives.dll
0x00007ffe9c610000 - 0x00007ffe9c61a000 	C:\Windows\SYSTEM32\VERSION.dll
0x00007ffea3d30000 - 0x00007ffea3d5e000 	C:\Windows\System32\IMM32.DLL
0x00007ffe95cd0000 - 0x00007ffe95d7a000 	C:\Program Files\Java\jdk-12.0.1\bin\msvcp140.dll
0x00007ffe599f0000 - 0x00007ffe5a564000 	C:\Program Files\Java\jdk-12.0.1\bin\server\jvm.dll
0x00007ffea4cf0000 - 0x00007ffea4cf8000 	C:\Windows\System32\PSAPI.DLL
0x00007ffe85ee0000 - 0x00007ffe85ee9000 	C:\Windows\SYSTEM32\WSOCK32.dll
0x00007ffea0470000 - 0x00007ffea0494000 	C:\Windows\SYSTEM32\WINMM.dll
0x00007ffea5850000 - 0x00007ffea58bf000 	C:\Windows\System32\WS2_32.dll
0x00007ffea0440000 - 0x00007ffea046d000 	C:\Windows\SYSTEM32\winmmbase.dll
0x00007ffea39b0000 - 0x00007ffea39fa000 	C:\Windows\System32\cfgmgr32.dll
0x00007ffea28b0000 - 0x00007ffea28c1000 	C:\Windows\System32\kernel.appcore.dll
0x00007ffe96220000 - 0x00007ffe96231000 	C:\Program Files\Java\jdk-12.0.1\bin\verify.dll
0x00007ffea1150000 - 0x00007ffea1344000 	C:\Windows\SYSTEM32\DBGHELP.DLL
0x00007ffe85d20000 - 0x00007ffe85d4a000 	C:\Windows\SYSTEM32\dbgcore.DLL
0x00007ffe93340000 - 0x00007ffe93366000 	C:\Program Files\Java\jdk-12.0.1\bin\java.dll
0x00007ffe9dab0000 - 0x00007ffe9dae8000 	C:\Program Files\Java\jdk-12.0.1\bin\jdwp.dll
0x00007ffea0690000 - 0x00007ffea069e000 	C:\Program Files\Java\jdk-12.0.1\bin\instrument.dll
0x00007ffe95b80000 - 0x00007ffe95b97000 	C:\Program Files\Java\jdk-12.0.1\bin\zip.dll
0x00007ffe9c4c0000 - 0x00007ffe9c4ca000 	C:\Program Files\Java\jdk-12.0.1\bin\jimage.dll

dbghelp: loaded successfully - version: 4.0.5 - missing functions: none
symbol engine: initialized successfully - sym options: 0x614 - pdb path: .;C:\Program Files\Java\jdk-12.0.1\bin;C:\Windows\SYSTEM32;C:\Windows\WinSxS\amd64_microsoft.windows.common-controls_6595b64144ccf1df_6.0.18362.239_none_e6c7aebd130c7608;C:\Program Files\Java\jdk-12.0.1\bin\server

VM Arguments:
jvm_args: -agentlib:jdwp=transport=dt_socket,suspend=y,address=localhost:56105 -javaagent:C:\Users\BYEONGGYU\eclipse\java-latest-released\eclipse\configuration\org.eclipse.osgi\609\0\.cp\lib\javaagent-shaded.jar -Dfile.encoding=MS949 --module-path=C:\Users\BYEONGGYU\Desktop\mysql-connector-java-5.1.47\mysql-connector-java-5.1.47.jar;C:\Users\BYEONGGYU\Desktop\mysql-connector-java-5.1.47\mysql-connector-java-5.1.47-bin.jar 
java_command: p190715.project190715
java_class_path (initial): C:\Users\BYEONGGYU\eclipse-workspace\p190715\bin
Launcher Type: SUN_STANDARD

[Global flags]
     intx CICompilerCount                          = 4                                         {product} {ergonomic}
     uint ConcGCThreads                            = 2                                         {product} {ergonomic}
     uint G1ConcRefinementThreads                  = 8                                         {product} {ergonomic}
   size_t G1HeapRegionSize                         = 1048576                                   {product} {ergonomic}
    uintx GCDrainStackTargetSize                   = 64                                        {product} {ergonomic}
   size_t InitialHeapSize                          = 201326592                                 {product} {ergonomic}
   size_t MarkStackSize                            = 4194304                                   {product} {ergonomic}
   size_t MaxHeapSize                              = 3191865344                                {product} {ergonomic}
   size_t MinHeapDeltaBytes                        = 1048576                                   {product} {ergonomic}
    uintx NonNMethodCodeHeapSize                   = 5836300                                {pd product} {ergonomic}
    uintx NonProfiledCodeHeapSize                  = 122910970                              {pd product} {ergonomic}
    uintx ProfiledCodeHeapSize                     = 122910970                              {pd product} {ergonomic}
    uintx ReservedCodeCacheSize                    = 251658240                              {pd product} {ergonomic}
     bool SegmentedCodeCache                       = true                                      {product} {ergonomic}
     bool UseCompressedClassPointers               = true                                 {lp64_product} {ergonomic}
     bool UseCompressedOops                        = true                                 {lp64_product} {ergonomic}
     bool UseG1GC                                  = true                                      {product} {ergonomic}
     bool UseLargePagesIndividualAllocation        = false                                  {pd product} {ergonomic}

Logging:
Log output configuration:
 #0: stdout all=warning uptime,level,tags
 #1: stderr all=off uptime,level,tags

Environment Variables:
JAVA_HOME=C:\Program Files\Java\jdk-12.0.1
CLASSPATH=C:\Program Files\Java\jdk-12.0.1\lib
PATH=C:/Program Files/Java/jdk-12.0.1/bin/server;C:/Program Files/Java/jdk-12.0.1/bin;C:\oraclexe\app\oracle\product\11.2.0\server\bin;;C:\Program Files\Java\jdk-12.0.1\bin;C:\Program Files\Java\jdk-12.0.1;C:\Program Files (x86)\Common Files\Oracle\Java\javapath;C:\Windows\system32;C:\Windows;C:\Windows\System32\Wbem;C:\Windows\System32\WindowsPowerShell\v1.0\;C:\Windows\System32\OpenSSH\;C:\Program Files (x86)\NVIDIA Corporation\PhysX\Common;C:\Program Files\Intel\WiFi\bin\;C:\Program Files\Common Files\Intel\WirelessCommon\;C:\Users\BYEONGGYU\AppData\Local\Microsoft\WindowsApps;C:\Program Files\Bandizip\;C:\Users\BYEONGGYU\Desktop;
USERNAME=BYEONGGYU
OS=Windows_NT
PROCESSOR_IDENTIFIER=Intel64 Family 6 Model 142 Stepping 11, GenuineIntel



---------------  S Y S T E M  ---------------

OS: Windows 10 , 64 bit Build 18362 (10.0.18362.86)

CPU:total 8 (initial active 8) (4 cores per cpu, 2 threads per core) family 6 model 142 stepping 11, cmov, cx8, fxsr, mmx, sse, sse2, sse3, ssse3, sse4.1, sse4.2, popcnt, avx, avx2, aes, clmul, erms, 3dnowpref, lzcnt, ht, tsc, tscinvbit, bmi1, bmi2, adx, fma

Memory: 4k page, system-wide physical 12171M (6220M free)
TotalPageFile size 13195M (AvailPageFile size 38M)
current process WorkingSet (physical memory assigned to process): 10M, peak: 10M
current process commit charge ("private bytes"): 60M, peak: 252M

vm_info: Java HotSpot(TM) 64-Bit Server VM (12.0.1+12) for windows-amd64 JRE (12.0.1+12), built on Apr  2 2019 14:02:19 by "mach5one" with MS VC++ 15.5 (VS2017)

END.
