#
# There is insufficient memory for the Java Runtime Environment to continue.
# Native memory allocation (malloc) failed to allocate 1767696 bytes for Chunk::new
# Possible reasons:
#   The system is out of physical RAM or swap space
#   The process is running with CompressedOops enabled, and the Java Heap may be blocking the growth of the native heap
# Possible solutions:
#   Reduce memory load on the system
#   Increase physical memory or swap space
#   Check if swap backing store is full
#   Decrease Java heap size (-Xmx/-Xms)
#   Decrease number of Java threads
#   Decrease Java thread stack sizes (-Xss)
#   Set larger code cache with -XX:ReservedCodeCacheSize=
#   JVM is running with Zero Based Compressed Oops mode in which the Java heap is
#     placed in the first 32GB address space. The Java Heap base address is the
#     maximum limit for the native heap growth. Please use -XX:HeapBaseMinAddress
#     to set the Java Heap base and to place the Java Heap above 32GB virtual address.
# This output file may be truncated or incomplete.
#
#  Out of Memory Error (t:/workspace/open/src/hotspot/share/memory/arena.cpp:197), pid=9600, tid=1804
#
# JRE version: Java(TM) SE Runtime Environment (12.0.1+12) (build 12.0.1+12)
# Java VM: Java HotSpot(TM) 64-Bit Server VM (12.0.1+12, mixed mode, sharing, tiered, compressed oops, g1 gc, windows-amd64)
# No core dump will be written. Minidumps are not enabled by default on client versions of Windows
#

---------------  S U M M A R Y ------------

Command Line: -agentlib:jdwp=transport=dt_socket,suspend=y,address=localhost:56028 -javaagent:C:\Users\BYEONGGYU\eclipse\java-latest-released\eclipse\configuration\org.eclipse.osgi\609\0\.cp\lib\javaagent-shaded.jar -Dfile.encoding=MS949 --module-path=C:\Users\BYEONGGYU\Downloads\ojdbc14.jar;C:\Users\BYEONGGYU\Desktop\mysql-connector-java-5.1.47\mysql-connector-java-5.1.47.jar;C:\Users\BYEONGGYU\Desktop\mysql-connector-java-5.1.47\mysql-connector-java-5.1.47-bin.jar p190712.WDB_1900712

Host: Intel(R) Core(TM) i5-8265U CPU @ 1.60GHz, 8 cores, 11G,  Windows 10 , 64 bit Build 18362 (10.0.18362.86)
Time: Mon Jul 15 11:24:54 2019 ¢¥eCN©öI¡¾©ö C¡ÍA¨ª¨öA elapsed time: 0 seconds (0d 0h 0m 0s)

---------------  T H R E A D  ---------------

Current thread (0x000002d3ffd31000):  JavaThread "C2 CompilerThread1" daemon [_thread_in_native, id=1804, stack(0x000000e1c4700000,0x000000e1c4800000)]


Current CompileTask:
C2:    694  813 %     4       org.eclipse.jdt.launching.internal.org.objectweb.asm.ClassReader::readCode @ 2165 (5089 bytes)

Stack: [0x000000e1c4700000,0x000000e1c4800000]
Native frames: (J=compiled Java code, j=interpreted, Vv=VM code, C=native code)
V  [jvm.dll+0x63948a]
V  [jvm.dll+0x78b31f]
V  [jvm.dll+0x78c9c1]
V  [jvm.dll+0x78d013]
V  [jvm.dll+0x262138]
V  [jvm.dll+0xc582c]
V  [jvm.dll+0xc5dac]
V  [jvm.dll+0x379662]
V  [jvm.dll+0x345493]
V  [jvm.dll+0x34485a]
V  [jvm.dll+0x21c035]
V  [jvm.dll+0x21b20a]
V  [jvm.dll+0x199890]
V  [jvm.dll+0x22a534]
V  [jvm.dll+0x228b88]
V  [jvm.dll+0x74f660]
V  [jvm.dll+0x748648]
V  [jvm.dll+0x638566]
C  [ucrtbase.dll+0x1d912]
C  [KERNEL32.DLL+0x17bd4]
C  [ntdll.dll+0x6ce71]


---------------  P R O C E S S  ---------------

Threads class SMR info:
_java_thread_list=0x000002d39dcfaf80, length=16, elements={
0x000002d3fbb39800, 0x000002d3ffbb9000, 0x000002d3ffbbc800, 0x000002d3ffbdc800,
0x000002d3ffbdd800, 0x000002d3ffbdf000, 0x000002d3ffbec000, 0x000002d3ffbf6800,
0x000002d3ffba1000, 0x000002d3ffd31000, 0x000002d3ffdef800, 0x000002d3ffef5000,
0x000002d3ffdee000, 0x000002d39dc14000, 0x000002d39dc32800, 0x000002d39dc54000
}

Java Threads: ( => current thread )
  0x000002d3fbb39800 JavaThread "main" [_thread_in_vm, id=12640, stack(0x000000e1c3800000,0x000000e1c3900000)]
  0x000002d3ffbb9000 JavaThread "Reference Handler" daemon [_thread_blocked, id=22128, stack(0x000000e1c3f00000,0x000000e1c4000000)]
  0x000002d3ffbbc800 JavaThread "Finalizer" daemon [_thread_blocked, id=15924, stack(0x000000e1c4000000,0x000000e1c4100000)]
  0x000002d3ffbdc800 JavaThread "Signal Dispatcher" daemon [_thread_blocked, id=14124, stack(0x000000e1c4100000,0x000000e1c4200000)]
  0x000002d3ffbdd800 JavaThread "Attach Listener" daemon [_thread_blocked, id=14864, stack(0x000000e1c4200000,0x000000e1c4300000)]
  0x000002d3ffbdf000 JavaThread "C2 CompilerThread0" daemon [_thread_blocked, id=16716, stack(0x000000e1c4300000,0x000000e1c4400000)]
  0x000002d3ffbec000 JavaThread "C1 CompilerThread0" daemon [_thread_in_vm, id=7156, stack(0x000000e1c4400000,0x000000e1c4500000)]
  0x000002d3ffbf6800 JavaThread "Sweeper thread" daemon [_thread_blocked, id=20944, stack(0x000000e1c4500000,0x000000e1c4600000)]
  0x000002d3ffba1000 JavaThread "Common-Cleaner" daemon [_thread_blocked, id=16440, stack(0x000000e1c4600000,0x000000e1c4700000)]
=>0x000002d3ffd31000 JavaThread "C2 CompilerThread1" daemon [_thread_in_native, id=1804, stack(0x000000e1c4700000,0x000000e1c4800000)]
  0x000002d3ffdef800 JavaThread "C2 CompilerThread2" daemon [_thread_blocked, id=19052, stack(0x000000e1c4800000,0x000000e1c4900000)]
  0x000002d3ffef5000 JavaThread "JDWP Transport Listener: dt_socket" daemon [_thread_blocked, id=20336, stack(0x000000e1c4900000,0x000000e1c4a00000)]
  0x000002d3ffdee000 JavaThread "JDWP Event Helper Thread" daemon [_thread_blocked, id=20756, stack(0x000000e1c4a00000,0x000000e1c4b00000)]
  0x000002d39dc14000 JavaThread "JDWP Command Reader" daemon [_thread_in_native, id=21708, stack(0x000000e1c4b00000,0x000000e1c4c00000)]
  0x000002d39dc32800 JavaThread "Service Thread" daemon [_thread_blocked, id=2924, stack(0x000000e1c4c00000,0x000000e1c4d00000)]
  0x000002d39dc54000 JavaThread "Abandoned connection cleanup thread" daemon [_thread_blocked, id=3032, stack(0x000000e1c4e00000,0x000000e1c4f00000)]

Other Threads:
  0x000002d3ffbb7800 VMThread "VM Thread" [stack: 0x000000e1c3e00000,0x000000e1c3f00000] [id=20208]
  0x000002d3fff46800 WatcherThread [stack: 0x000000e1c4d00000,0x000000e1c4e00000] [id=9972]
  0x000002d3fbb8c800 GCTaskThread "GC Thread#0" [stack: 0x000000e1c3900000,0x000000e1c3a00000] [id=12896]
  0x000002d39e84d000 GCTaskThread "GC Thread#1" [stack: 0x000000e1c4f00000,0x000000e1c5000000] [id=1144]
  0x000002d39e848800 GCTaskThread "GC Thread#2" [stack: 0x000000e1c5000000,0x000000e1c5100000] [id=10440]
  0x000002d39e849000 GCTaskThread "GC Thread#3" [stack: 0x000000e1c5100000,0x000000e1c5200000] [id=12868]
  0x000002d3fbba1800 ConcurrentGCThread "G1 Main Marker" [stack: 0x000000e1c3a00000,0x000000e1c3b00000] [id=21184]
  0x000002d3fbba8000 ConcurrentGCThread "G1 Conc#0" [stack: 0x000000e1c3b00000,0x000000e1c3c00000] [id=13852]
  0x000002d3fbc0e800 ConcurrentGCThread "G1 Refine#0" [stack: 0x000000e1c3c00000,0x000000e1c3d00000] [id=11448]
  0x000002d3ffa34000 ConcurrentGCThread "G1 Young RemSet Sampling" [stack: 0x000000e1c3d00000,0x000000e1c3e00000] [id=13448]

Threads with active compile tasks:
C1 CompilerThread0  1027       3       sun.util.locale.StringTokenIterator::nextDelimiter (116 bytes)
C2 CompilerThread1   813 %     4       org.eclipse.jdt.launching.internal.org.objectweb.asm.ClassReader::readCode @ 2165 (5089 bytes)

VM state:not at safepoint (normal execution)

VM Mutex/Monitor currently owned by a thread: None

Heap address: 0x0000000741c00000, size: 3044 MB, Compressed Oops mode: Zero based, Oop shift amount: 3
Narrow klass base: 0x0000000800000000, Narrow klass shift: 3
Compressed class space size: 1073741824 Address: 0x00000008011a0000

Heap:
 garbage-first heap   total 196608K, used 3464K [0x0000000741c00000, 0x0000000800000000)
  region size 1024K, 4 young (4096K), 3 survivors (3072K)
 Metaspace       used 5644K, capacity 6981K, committed 7168K, reserved 1056768K
  class space    used 520K, capacity 645K, committed 768K, reserved 1048576K
Heap Regions: E=young(eden), S=young(survivor), O=old, HS=humongous(starts), HC=humongous(continues), CS=collection set, F=free, A=archive, TAMS=top-at-mark-start (previous, next)
|   0|0x0000000741c00000, 0x0000000741c62000, 0x0000000741d00000| 38%| O|  |TAMS 0x0000000741c00000, 0x0000000741c00000| Untracked 
|   1|0x0000000741d00000, 0x0000000741d00000, 0x0000000741e00000|  0%| F|  |TAMS 0x0000000741d00000, 0x0000000741d00000| Untracked 
|   2|0x0000000741e00000, 0x0000000741e00000, 0x0000000741f00000|  0%| F|  |TAMS 0x0000000741e00000, 0x0000000741e00000| Untracked 
|   3|0x0000000741f00000, 0x0000000741f00000, 0x0000000742000000|  0%| F|  |TAMS 0x0000000741f00000, 0x0000000741f00000| Untracked 
|   4|0x0000000742000000, 0x0000000742000000, 0x0000000742100000|  0%| F|  |TAMS 0x0000000742000000, 0x0000000742000000| Untracked 
|   5|0x0000000742100000, 0x0000000742100000, 0x0000000742200000|  0%| F|  |TAMS 0x0000000742100000, 0x0000000742100000| Untracked 
|   6|0x0000000742200000, 0x0000000742200000, 0x0000000742300000|  0%| F|  |TAMS 0x0000000742200000, 0x0000000742200000| Untracked 
|   7|0x0000000742300000, 0x0000000742300000, 0x0000000742400000|  0%| F|  |TAMS 0x0000000742300000, 0x0000000742300000| Untracked 
|   8|0x0000000742400000, 0x0000000742400000, 0x0000000742500000|  0%| F|  |TAMS 0x0000000742400000, 0x0000000742400000| Untracked 
|   9|0x0000000742500000, 0x0000000742500000, 0x0000000742600000|  0%| F|  |TAMS 0x0000000742500000, 0x0000000742500000| Untracked 
|  10|0x0000000742600000, 0x0000000742600000, 0x0000000742700000|  0%| F|  |TAMS 0x0000000742600000, 0x0000000742600000| Untracked 
|  11|0x0000000742700000, 0x0000000742700000, 0x0000000742800000|  0%| F|  |TAMS 0x0000000742700000, 0x0000000742700000| Untracked 
|  12|0x0000000742800000, 0x0000000742800000, 0x0000000742900000|  0%| F|  |TAMS 0x0000000742800000, 0x0000000742800000| Untracked 
|  13|0x0000000742900000, 0x0000000742900000, 0x0000000742a00000|  0%| F|  |TAMS 0x0000000742900000, 0x0000000742900000| Untracked 
|  14|0x0000000742a00000, 0x0000000742a00000, 0x0000000742b00000|  0%| F|  |TAMS 0x0000000742a00000, 0x0000000742a00000| Untracked 
|  15|0x0000000742b00000, 0x0000000742b00000, 0x0000000742c00000|  0%| F|  |TAMS 0x0000000742b00000, 0x0000000742b00000| Untracked 
|  16|0x0000000742c00000, 0x0000000742c00000, 0x0000000742d00000|  0%| F|  |TAMS 0x0000000742c00000, 0x0000000742c00000| Untracked 
|  17|0x0000000742d00000, 0x0000000742d00000, 0x0000000742e00000|  0%| F|  |TAMS 0x0000000742d00000, 0x0000000742d00000| Untracked 
|  18|0x0000000742e00000, 0x0000000742e00000, 0x0000000742f00000|  0%| F|  |TAMS 0x0000000742e00000, 0x0000000742e00000| Untracked 
|  19|0x0000000742f00000, 0x0000000742f00000, 0x0000000743000000|  0%| F|  |TAMS 0x0000000742f00000, 0x0000000742f00000| Untracked 
|  20|0x0000000743000000, 0x0000000743000000, 0x0000000743100000|  0%| F|  |TAMS 0x0000000743000000, 0x0000000743000000| Untracked 
|  21|0x0000000743100000, 0x0000000743100000, 0x0000000743200000|  0%| F|  |TAMS 0x0000000743100000, 0x0000000743100000| Untracked 
|  22|0x0000000743200000, 0x0000000743200000, 0x0000000743300000|  0%| F|  |TAMS 0x0000000743200000, 0x0000000743200000| Untracked 
|  23|0x0000000743300000, 0x0000000743300000, 0x0000000743400000|  0%| F|  |TAMS 0x0000000743300000, 0x0000000743300000| Untracked 
|  24|0x0000000743400000, 0x0000000743400000, 0x0000000743500000|  0%| F|  |TAMS 0x0000000743400000, 0x0000000743400000| Untracked 
|  25|0x0000000743500000, 0x0000000743500000, 0x0000000743600000|  0%| F|  |TAMS 0x0000000743500000, 0x0000000743500000| Untracked 
|  26|0x0000000743600000, 0x0000000743600000, 0x0000000743700000|  0%| F|  |TAMS 0x0000000743600000, 0x0000000743600000| Untracked 
|  27|0x0000000743700000, 0x0000000743700000, 0x0000000743800000|  0%| F|  |TAMS 0x0000000743700000, 0x0000000743700000| Untracked 
|  28|0x0000000743800000, 0x0000000743800000, 0x0000000743900000|  0%| F|  |TAMS 0x0000000743800000, 0x0000000743800000| Untracked 
|  29|0x0000000743900000, 0x0000000743900000, 0x0000000743a00000|  0%| F|  |TAMS 0x0000000743900000, 0x0000000743900000| Untracked 
|  30|0x0000000743a00000, 0x0000000743a00000, 0x0000000743b00000|  0%| F|  |TAMS 0x0000000743a00000, 0x0000000743a00000| Untracked 
|  31|0x0000000743b00000, 0x0000000743b00000, 0x0000000743c00000|  0%| F|  |TAMS 0x0000000743b00000, 0x0000000743b00000| Untracked 
|  32|0x0000000743c00000, 0x0000000743c00000, 0x0000000743d00000|  0%| F|  |TAMS 0x0000000743c00000, 0x0000000743c00000| Untracked 
|  33|0x0000000743d00000, 0x0000000743d00000, 0x0000000743e00000|  0%| F|  |TAMS 0x0000000743d00000, 0x0000000743d00000| Untracked 
|  34|0x0000000743e00000, 0x0000000743e00000, 0x0000000743f00000|  0%| F|  |TAMS 0x0000000743e00000, 0x0000000743e00000| Untracked 
|  35|0x0000000743f00000, 0x0000000743f00000, 0x0000000744000000|  0%| F|  |TAMS 0x0000000743f00000, 0x0000000743f00000| Untracked 
|  36|0x0000000744000000, 0x0000000744000000, 0x0000000744100000|  0%| F|  |TAMS 0x0000000744000000, 0x0000000744000000| Untracked 
|  37|0x0000000744100000, 0x0000000744100000, 0x0000000744200000|  0%| F|  |TAMS 0x0000000744100000, 0x0000000744100000| Untracked 
|  38|0x0000000744200000, 0x0000000744200000, 0x0000000744300000|  0%| F|  |TAMS 0x0000000744200000, 0x0000000744200000| Untracked 
|  39|0x0000000744300000, 0x0000000744300000, 0x0000000744400000|  0%| F|  |TAMS 0x0000000744300000, 0x0000000744300000| Untracked 
|  40|0x0000000744400000, 0x0000000744400000, 0x0000000744500000|  0%| F|  |TAMS 0x0000000744400000, 0x0000000744400000| Untracked 
|  41|0x0000000744500000, 0x0000000744500000, 0x0000000744600000|  0%| F|  |TAMS 0x0000000744500000, 0x0000000744500000| Untracked 
|  42|0x0000000744600000, 0x0000000744600000, 0x0000000744700000|  0%| F|  |TAMS 0x0000000744600000, 0x0000000744600000| Untracked 
|  43|0x0000000744700000, 0x0000000744700000, 0x0000000744800000|  0%| F|  |TAMS 0x0000000744700000, 0x0000000744700000| Untracked 
|  44|0x0000000744800000, 0x0000000744800000, 0x0000000744900000|  0%| F|  |TAMS 0x0000000744800000, 0x0000000744800000| Untracked 
|  45|0x0000000744900000, 0x0000000744900000, 0x0000000744a00000|  0%| F|  |TAMS 0x0000000744900000, 0x0000000744900000| Untracked 
|  46|0x0000000744a00000, 0x0000000744a00000, 0x0000000744b00000|  0%| F|  |TAMS 0x0000000744a00000, 0x0000000744a00000| Untracked 
|  47|0x0000000744b00000, 0x0000000744b00000, 0x0000000744c00000|  0%| F|  |TAMS 0x0000000744b00000, 0x0000000744b00000| Untracked 
|  48|0x0000000744c00000, 0x0000000744c00000, 0x0000000744d00000|  0%| F|  |TAMS 0x0000000744c00000, 0x0000000744c00000| Untracked 
|  49|0x0000000744d00000, 0x0000000744d00000, 0x0000000744e00000|  0%| F|  |TAMS 0x0000000744d00000, 0x0000000744d00000| Untracked 
|  50|0x0000000744e00000, 0x0000000744e00000, 0x0000000744f00000|  0%| F|  |TAMS 0x0000000744e00000, 0x0000000744e00000| Untracked 
|  51|0x0000000744f00000, 0x0000000744f00000, 0x0000000745000000|  0%| F|  |TAMS 0x0000000744f00000, 0x0000000744f00000| Untracked 
|  52|0x0000000745000000, 0x0000000745000000, 0x0000000745100000|  0%| F|  |TAMS 0x0000000745000000, 0x0000000745000000| Untracked 
|  53|0x0000000745100000, 0x0000000745100000, 0x0000000745200000|  0%| F|  |TAMS 0x0000000745100000, 0x0000000745100000| Untracked 
|  54|0x0000000745200000, 0x0000000745200000, 0x0000000745300000|  0%| F|  |TAMS 0x0000000745200000, 0x0000000745200000| Untracked 
|  55|0x0000000745300000, 0x0000000745300000, 0x0000000745400000|  0%| F|  |TAMS 0x0000000745300000, 0x0000000745300000| Untracked 
|  56|0x0000000745400000, 0x0000000745400000, 0x0000000745500000|  0%| F|  |TAMS 0x0000000745400000, 0x0000000745400000| Untracked 
|  57|0x0000000745500000, 0x0000000745500000, 0x0000000745600000|  0%| F|  |TAMS 0x0000000745500000, 0x0000000745500000| Untracked 
|  58|0x0000000745600000, 0x0000000745600000, 0x0000000745700000|  0%| F|  |TAMS 0x0000000745600000, 0x0000000745600000| Untracked 
|  59|0x0000000745700000, 0x0000000745700000, 0x0000000745800000|  0%| F|  |TAMS 0x0000000745700000, 0x0000000745700000| Untracked 
|  60|0x0000000745800000, 0x0000000745800000, 0x0000000745900000|  0%| F|  |TAMS 0x0000000745800000, 0x0000000745800000| Untracked 
|  61|0x0000000745900000, 0x0000000745900000, 0x0000000745a00000|  0%| F|  |TAMS 0x0000000745900000, 0x0000000745900000| Untracked 
|  62|0x0000000745a00000, 0x0000000745a00000, 0x0000000745b00000|  0%| F|  |TAMS 0x0000000745a00000, 0x0000000745a00000| Untracked 
|  63|0x0000000745b00000, 0x0000000745b00000, 0x0000000745c00000|  0%| F|  |TAMS 0x0000000745b00000, 0x0000000745b00000| Untracked 
|  64|0x0000000745c00000, 0x0000000745c00000, 0x0000000745d00000|  0%| F|  |TAMS 0x0000000745c00000, 0x0000000745c00000| Untracked 
|  65|0x0000000745d00000, 0x0000000745d00000, 0x0000000745e00000|  0%| F|  |TAMS 0x0000000745d00000, 0x0000000745d00000| Untracked 
|  66|0x0000000745e00000, 0x0000000745e00000, 0x0000000745f00000|  0%| F|  |TAMS 0x0000000745e00000, 0x0000000745e00000| Untracked 
|  67|0x0000000745f00000, 0x0000000745f00000, 0x0000000746000000|  0%| F|  |TAMS 0x0000000745f00000, 0x0000000745f00000| Untracked 
|  68|0x0000000746000000, 0x0000000746000000, 0x0000000746100000|  0%| F|  |TAMS 0x0000000746000000, 0x0000000746000000| Untracked 
|  69|0x0000000746100000, 0x0000000746100000, 0x0000000746200000|  0%| F|  |TAMS 0x0000000746100000, 0x0000000746100000| Untracked 
|  70|0x0000000746200000, 0x0000000746200000, 0x0000000746300000|  0%| F|  |TAMS 0x0000000746200000, 0x0000000746200000| Untracked 
|  71|0x0000000746300000, 0x0000000746300000, 0x0000000746400000|  0%| F|  |TAMS 0x0000000746300000, 0x0000000746300000| Untracked 
|  72|0x0000000746400000, 0x0000000746400000, 0x0000000746500000|  0%| F|  |TAMS 0x0000000746400000, 0x0000000746400000| Untracked 
|  73|0x0000000746500000, 0x0000000746500000, 0x0000000746600000|  0%| F|  |TAMS 0x0000000746500000, 0x0000000746500000| Untracked 
|  74|0x0000000746600000, 0x0000000746600000, 0x0000000746700000|  0%| F|  |TAMS 0x0000000746600000, 0x0000000746600000| Untracked 
|  75|0x0000000746700000, 0x0000000746700000, 0x0000000746800000|  0%| F|  |TAMS 0x0000000746700000, 0x0000000746700000| Untracked 
|  76|0x0000000746800000, 0x0000000746800000, 0x0000000746900000|  0%| F|  |TAMS 0x0000000746800000, 0x0000000746800000| Untracked 
|  77|0x0000000746900000, 0x0000000746900000, 0x0000000746a00000|  0%| F|  |TAMS 0x0000000746900000, 0x0000000746900000| Untracked 
|  78|0x0000000746a00000, 0x0000000746a00000, 0x0000000746b00000|  0%| F|  |TAMS 0x0000000746a00000, 0x0000000746a00000| Untracked 
|  79|0x0000000746b00000, 0x0000000746b00000, 0x0000000746c00000|  0%| F|  |TAMS 0x0000000746b00000, 0x0000000746b00000| Untracked 
|  80|0x0000000746c00000, 0x0000000746c00000, 0x0000000746d00000|  0%| F|  |TAMS 0x0000000746c00000, 0x0000000746c00000| Untracked 
|  81|0x0000000746d00000, 0x0000000746d00000, 0x0000000746e00000|  0%| F|  |TAMS 0x0000000746d00000, 0x0000000746d00000| Untracked 
|  82|0x0000000746e00000, 0x0000000746e00000, 0x0000000746f00000|  0%| F|  |TAMS 0x0000000746e00000, 0x0000000746e00000| Untracked 
|  83|0x0000000746f00000, 0x0000000746f00000, 0x0000000747000000|  0%| F|  |TAMS 0x0000000746f00000, 0x0000000746f00000| Untracked 
|  84|0x0000000747000000, 0x0000000747000000, 0x0000000747100000|  0%| F|  |TAMS 0x0000000747000000, 0x0000000747000000| Untracked 
|  85|0x0000000747100000, 0x0000000747100000, 0x0000000747200000|  0%| F|  |TAMS 0x0000000747100000, 0x0000000747100000| Untracked 
|  86|0x0000000747200000, 0x0000000747200000, 0x0000000747300000|  0%| F|  |TAMS 0x0000000747200000, 0x0000000747200000| Untracked 
|  87|0x0000000747300000, 0x0000000747300000, 0x0000000747400000|  0%| F|  |TAMS 0x0000000747300000, 0x0000000747300000| Untracked 
|  88|0x0000000747400000, 0x0000000747400000, 0x0000000747500000|  0%| F|  |TAMS 0x0000000747400000, 0x0000000747400000| Untracked 
|  89|0x0000000747500000, 0x0000000747500000, 0x0000000747600000|  0%| F|  |TAMS 0x0000000747500000, 0x0000000747500000| Untracked 
|  90|0x0000000747600000, 0x0000000747600000, 0x0000000747700000|  0%| F|  |TAMS 0x0000000747600000, 0x0000000747600000| Untracked 
|  91|0x0000000747700000, 0x0000000747700000, 0x0000000747800000|  0%| F|  |TAMS 0x0000000747700000, 0x0000000747700000| Untracked 
|  92|0x0000000747800000, 0x0000000747800000, 0x0000000747900000|  0%| F|  |TAMS 0x0000000747800000, 0x0000000747800000| Untracked 
|  93|0x0000000747900000, 0x0000000747900000, 0x0000000747a00000|  0%| F|  |TAMS 0x0000000747900000, 0x0000000747900000| Untracked 
|  94|0x0000000747a00000, 0x0000000747a00000, 0x0000000747b00000|  0%| F|  |TAMS 0x0000000747a00000, 0x0000000747a00000| Untracked 
|  95|0x0000000747b00000, 0x0000000747b00000, 0x0000000747c00000|  0%| F|  |TAMS 0x0000000747b00000, 0x0000000747b00000| Untracked 
|  96|0x0000000747c00000, 0x0000000747c00000, 0x0000000747d00000|  0%| F|  |TAMS 0x0000000747c00000, 0x0000000747c00000| Untracked 
|  97|0x0000000747d00000, 0x0000000747d00000, 0x0000000747e00000|  0%| F|  |TAMS 0x0000000747d00000, 0x0000000747d00000| Untracked 
|  98|0x0000000747e00000, 0x0000000747e00000, 0x0000000747f00000|  0%| F|  |TAMS 0x0000000747e00000, 0x0000000747e00000| Untracked 
|  99|0x0000000747f00000, 0x0000000747f00000, 0x0000000748000000|  0%| F|  |TAMS 0x0000000747f00000, 0x0000000747f00000| Untracked 
| 100|0x0000000748000000, 0x0000000748000000, 0x0000000748100000|  0%| F|  |TAMS 0x0000000748000000, 0x0000000748000000| Untracked 
| 101|0x0000000748100000, 0x0000000748100000, 0x0000000748200000|  0%| F|  |TAMS 0x0000000748100000, 0x0000000748100000| Untracked 
| 102|0x0000000748200000, 0x0000000748200000, 0x0000000748300000|  0%| F|  |TAMS 0x0000000748200000, 0x0000000748200000| Untracked 
| 103|0x0000000748300000, 0x0000000748300000, 0x0000000748400000|  0%| F|  |TAMS 0x0000000748300000, 0x0000000748300000| Untracked 
| 104|0x0000000748400000, 0x0000000748400000, 0x0000000748500000|  0%| F|  |TAMS 0x0000000748400000, 0x0000000748400000| Untracked 
| 105|0x0000000748500000, 0x0000000748500000, 0x0000000748600000|  0%| F|  |TAMS 0x0000000748500000, 0x0000000748500000| Untracked 
| 106|0x0000000748600000, 0x0000000748600000, 0x0000000748700000|  0%| F|  |TAMS 0x0000000748600000, 0x0000000748600000| Untracked 
| 107|0x0000000748700000, 0x0000000748700000, 0x0000000748800000|  0%| F|  |TAMS 0x0000000748700000, 0x0000000748700000| Untracked 
| 108|0x0000000748800000, 0x0000000748800000, 0x0000000748900000|  0%| F|  |TAMS 0x0000000748800000, 0x0000000748800000| Untracked 
| 109|0x0000000748900000, 0x0000000748900000, 0x0000000748a00000|  0%| F|  |TAMS 0x0000000748900000, 0x0000000748900000| Untracked 
| 110|0x0000000748a00000, 0x0000000748a00000, 0x0000000748b00000|  0%| F|  |TAMS 0x0000000748a00000, 0x0000000748a00000| Untracked 
| 111|0x0000000748b00000, 0x0000000748b00000, 0x0000000748c00000|  0%| F|  |TAMS 0x0000000748b00000, 0x0000000748b00000| Untracked 
| 112|0x0000000748c00000, 0x0000000748c00000, 0x0000000748d00000|  0%| F|  |TAMS 0x0000000748c00000, 0x0000000748c00000| Untracked 
| 113|0x0000000748d00000, 0x0000000748d00000, 0x0000000748e00000|  0%| F|  |TAMS 0x0000000748d00000, 0x0000000748d00000| Untracked 
| 114|0x0000000748e00000, 0x0000000748e00000, 0x0000000748f00000|  0%| F|  |TAMS 0x0000000748e00000, 0x0000000748e00000| Untracked 
| 115|0x0000000748f00000, 0x0000000748f00000, 0x0000000749000000|  0%| F|  |TAMS 0x0000000748f00000, 0x0000000748f00000| Untracked 
| 116|0x0000000749000000, 0x0000000749000000, 0x0000000749100000|  0%| F|  |TAMS 0x0000000749000000, 0x0000000749000000| Untracked 
| 117|0x0000000749100000, 0x0000000749100000, 0x0000000749200000|  0%| F|  |TAMS 0x0000000749100000, 0x0000000749100000| Untracked 
| 118|0x0000000749200000, 0x0000000749200000, 0x0000000749300000|  0%| F|  |TAMS 0x0000000749200000, 0x0000000749200000| Untracked 
| 119|0x0000000749300000, 0x0000000749300000, 0x0000000749400000|  0%| F|  |TAMS 0x0000000749300000, 0x0000000749300000| Untracked 
| 120|0x0000000749400000, 0x0000000749400000, 0x0000000749500000|  0%| F|  |TAMS 0x0000000749400000, 0x0000000749400000| Untracked 
| 121|0x0000000749500000, 0x0000000749500000, 0x0000000749600000|  0%| F|  |TAMS 0x0000000749500000, 0x0000000749500000| Untracked 
| 122|0x0000000749600000, 0x0000000749600000, 0x0000000749700000|  0%| F|  |TAMS 0x0000000749600000, 0x0000000749600000| Untracked 
| 123|0x0000000749700000, 0x0000000749700000, 0x0000000749800000|  0%| F|  |TAMS 0x0000000749700000, 0x0000000749700000| Untracked 
| 124|0x0000000749800000, 0x0000000749800000, 0x0000000749900000|  0%| F|  |TAMS 0x0000000749800000, 0x0000000749800000| Untracked 
| 125|0x0000000749900000, 0x0000000749900000, 0x0000000749a00000|  0%| F|  |TAMS 0x0000000749900000, 0x0000000749900000| Untracked 
| 126|0x0000000749a00000, 0x0000000749a00000, 0x0000000749b00000|  0%| F|  |TAMS 0x0000000749a00000, 0x0000000749a00000| Untracked 
| 127|0x0000000749b00000, 0x0000000749b00000, 0x0000000749c00000|  0%| F|  |TAMS 0x0000000749b00000, 0x0000000749b00000| Untracked 
| 128|0x0000000749c00000, 0x0000000749c00000, 0x0000000749d00000|  0%| F|  |TAMS 0x0000000749c00000, 0x0000000749c00000| Untracked 
| 129|0x0000000749d00000, 0x0000000749d00000, 0x0000000749e00000|  0%| F|  |TAMS 0x0000000749d00000, 0x0000000749d00000| Untracked 
| 130|0x0000000749e00000, 0x0000000749e00000, 0x0000000749f00000|  0%| F|  |TAMS 0x0000000749e00000, 0x0000000749e00000| Untracked 
| 131|0x0000000749f00000, 0x0000000749f00000, 0x000000074a000000|  0%| F|  |TAMS 0x0000000749f00000, 0x0000000749f00000| Untracked 
| 132|0x000000074a000000, 0x000000074a000000, 0x000000074a100000|  0%| F|  |TAMS 0x000000074a000000, 0x000000074a000000| Untracked 
| 133|0x000000074a100000, 0x000000074a100000, 0x000000074a200000|  0%| F|  |TAMS 0x000000074a100000, 0x000000074a100000| Untracked 
| 134|0x000000074a200000, 0x000000074a200000, 0x000000074a300000|  0%| F|  |TAMS 0x000000074a200000, 0x000000074a200000| Untracked 
| 135|0x000000074a300000, 0x000000074a300000, 0x000000074a400000|  0%| F|  |TAMS 0x000000074a300000, 0x000000074a300000| Untracked 
| 136|0x000000074a400000, 0x000000074a400000, 0x000000074a500000|  0%| F|  |TAMS 0x000000074a400000, 0x000000074a400000| Untracked 
| 137|0x000000074a500000, 0x000000074a500000, 0x000000074a600000|  0%| F|  |TAMS 0x000000074a500000, 0x000000074a500000| Untracked 
| 138|0x000000074a600000, 0x000000074a600000, 0x000000074a700000|  0%| F|  |TAMS 0x000000074a600000, 0x000000074a600000| Untracked 
| 139|0x000000074a700000, 0x000000074a700000, 0x000000074a800000|  0%| F|  |TAMS 0x000000074a700000, 0x000000074a700000| Untracked 
| 140|0x000000074a800000, 0x000000074a800000, 0x000000074a900000|  0%| F|  |TAMS 0x000000074a800000, 0x000000074a800000| Untracked 
| 141|0x000000074a900000, 0x000000074a900000, 0x000000074aa00000|  0%| F|  |TAMS 0x000000074a900000, 0x000000074a900000| Untracked 
| 142|0x000000074aa00000, 0x000000074aa00000, 0x000000074ab00000|  0%| F|  |TAMS 0x000000074aa00000, 0x000000074aa00000| Untracked 
| 143|0x000000074ab00000, 0x000000074ab00000, 0x000000074ac00000|  0%| F|  |TAMS 0x000000074ab00000, 0x000000074ab00000| Untracked 
| 144|0x000000074ac00000, 0x000000074ac00000, 0x000000074ad00000|  0%| F|  |TAMS 0x000000074ac00000, 0x000000074ac00000| Untracked 
| 145|0x000000074ad00000, 0x000000074ad00000, 0x000000074ae00000|  0%| F|  |TAMS 0x000000074ad00000, 0x000000074ad00000| Untracked 
| 146|0x000000074ae00000, 0x000000074ae00000, 0x000000074af00000|  0%| F|  |TAMS 0x000000074ae00000, 0x000000074ae00000| Untracked 
| 147|0x000000074af00000, 0x000000074af00000, 0x000000074b000000|  0%| F|  |TAMS 0x000000074af00000, 0x000000074af00000| Untracked 
| 148|0x000000074b000000, 0x000000074b000000, 0x000000074b100000|  0%| F|  |TAMS 0x000000074b000000, 0x000000074b000000| Untracked 
| 149|0x000000074b100000, 0x000000074b100000, 0x000000074b200000|  0%| F|  |TAMS 0x000000074b100000, 0x000000074b100000| Untracked 
| 150|0x000000074b200000, 0x000000074b200000, 0x000000074b300000|  0%| F|  |TAMS 0x000000074b200000, 0x000000074b200000| Untracked 
| 151|0x000000074b300000, 0x000000074b300000, 0x000000074b400000|  0%| F|  |TAMS 0x000000074b300000, 0x000000074b300000| Untracked 
| 152|0x000000074b400000, 0x000000074b400000, 0x000000074b500000|  0%| F|  |TAMS 0x000000074b400000, 0x000000074b400000| Untracked 
| 153|0x000000074b500000, 0x000000074b500000, 0x000000074b600000|  0%| F|  |TAMS 0x000000074b500000, 0x000000074b500000| Untracked 
| 154|0x000000074b600000, 0x000000074b600000, 0x000000074b700000|  0%| F|  |TAMS 0x000000074b600000, 0x000000074b600000| Untracked 
| 155|0x000000074b700000, 0x000000074b700000, 0x000000074b800000|  0%| F|  |TAMS 0x000000074b700000, 0x000000074b700000| Untracked 
| 156|0x000000074b800000, 0x000000074b800000, 0x000000074b900000|  0%| F|  |TAMS 0x000000074b800000, 0x000000074b800000| Untracked 
| 157|0x000000074b900000, 0x000000074b900000, 0x000000074ba00000|  0%| F|  |TAMS 0x000000074b900000, 0x000000074b900000| Untracked 
| 158|0x000000074ba00000, 0x000000074ba00000, 0x000000074bb00000|  0%| F|  |TAMS 0x000000074ba00000, 0x000000074ba00000| Untracked 
| 159|0x000000074bb00000, 0x000000074bb00000, 0x000000074bc00000|  0%| F|  |TAMS 0x000000074bb00000, 0x000000074bb00000| Untracked 
| 160|0x000000074bc00000, 0x000000074bc00000, 0x000000074bd00000|  0%| F|  |TAMS 0x000000074bc00000, 0x000000074bc00000| Untracked 
| 161|0x000000074bd00000, 0x000000074bd00000, 0x000000074be00000|  0%| F|  |TAMS 0x000000074bd00000, 0x000000074bd00000| Untracked 
| 162|0x000000074be00000, 0x000000074be00000, 0x000000074bf00000|  0%| F|  |TAMS 0x000000074be00000, 0x000000074be00000| Untracked 
| 163|0x000000074bf00000, 0x000000074bf00000, 0x000000074c000000|  0%| F|  |TAMS 0x000000074bf00000, 0x000000074bf00000| Untracked 
| 164|0x000000074c000000, 0x000000074c000000, 0x000000074c100000|  0%| F|  |TAMS 0x000000074c000000, 0x000000074c000000| Untracked 
| 165|0x000000074c100000, 0x000000074c200000, 0x000000074c200000|100%| S|CS|TAMS 0x000000074c100000, 0x000000074c100000| Complete 
| 166|0x000000074c200000, 0x000000074c300000, 0x000000074c300000|100%| S|CS|TAMS 0x000000074c200000, 0x000000074c200000| Complete 
| 167|0x000000074c300000, 0x000000074c400000, 0x000000074c400000|100%| S|CS|TAMS 0x000000074c300000, 0x000000074c300000| Complete 
| 168|0x000000074c400000, 0x000000074c400000, 0x000000074c500000|  0%| F|  |TAMS 0x000000074c400000, 0x000000074c400000| Untracked 
| 169|0x000000074c500000, 0x000000074c500000, 0x000000074c600000|  0%| F|  |TAMS 0x000000074c500000, 0x000000074c500000| Untracked 
| 170|0x000000074c600000, 0x000000074c600000, 0x000000074c700000|  0%| F|  |TAMS 0x000000074c600000, 0x000000074c600000| Untracked 
| 171|0x000000074c700000, 0x000000074c700000, 0x000000074c800000|  0%| F|  |TAMS 0x000000074c700000, 0x000000074c700000| Untracked 
| 172|0x000000074c800000, 0x000000074c800000, 0x000000074c900000|  0%| F|  |TAMS 0x000000074c800000, 0x000000074c800000| Untracked 
| 173|0x000000074c900000, 0x000000074c900000, 0x000000074ca00000|  0%| F|  |TAMS 0x000000074c900000, 0x000000074c900000| Untracked 
| 174|0x000000074ca00000, 0x000000074ca00000, 0x000000074cb00000|  0%| F|  |TAMS 0x000000074ca00000, 0x000000074ca00000| Untracked 
| 175|0x000000074cb00000, 0x000000074cb00000, 0x000000074cc00000|  0%| F|  |TAMS 0x000000074cb00000, 0x000000074cb00000| Untracked 
| 176|0x000000074cc00000, 0x000000074cc00000, 0x000000074cd00000|  0%| F|  |TAMS 0x000000074cc00000, 0x000000074cc00000| Untracked 
| 177|0x000000074cd00000, 0x000000074cd00000, 0x000000074ce00000|  0%| F|  |TAMS 0x000000074cd00000, 0x000000074cd00000| Untracked 
| 178|0x000000074ce00000, 0x000000074ce00000, 0x000000074cf00000|  0%| F|  |TAMS 0x000000074ce00000, 0x000000074ce00000| Untracked 
| 179|0x000000074cf00000, 0x000000074cf00000, 0x000000074d000000|  0%| F|  |TAMS 0x000000074cf00000, 0x000000074cf00000| Untracked 
| 180|0x000000074d000000, 0x000000074d000000, 0x000000074d100000|  0%| F|  |TAMS 0x000000074d000000, 0x000000074d000000| Untracked 
| 181|0x000000074d100000, 0x000000074d100000, 0x000000074d200000|  0%| F|  |TAMS 0x000000074d100000, 0x000000074d100000| Untracked 
| 182|0x000000074d200000, 0x000000074d200000, 0x000000074d300000|  0%| F|  |TAMS 0x000000074d200000, 0x000000074d200000| Untracked 
| 183|0x000000074d300000, 0x000000074d300000, 0x000000074d400000|  0%| F|  |TAMS 0x000000074d300000, 0x000000074d300000| Untracked 
| 184|0x000000074d400000, 0x000000074d400000, 0x000000074d500000|  0%| F|  |TAMS 0x000000074d400000, 0x000000074d400000| Untracked 
| 185|0x000000074d500000, 0x000000074d500000, 0x000000074d600000|  0%| F|  |TAMS 0x000000074d500000, 0x000000074d500000| Untracked 
| 186|0x000000074d600000, 0x000000074d600000, 0x000000074d700000|  0%| F|  |TAMS 0x000000074d600000, 0x000000074d600000| Untracked 
| 187|0x000000074d700000, 0x000000074d700000, 0x000000074d800000|  0%| F|  |TAMS 0x000000074d700000, 0x000000074d700000| Untracked 
| 188|0x000000074d800000, 0x000000074d800000, 0x000000074d900000|  0%| F|  |TAMS 0x000000074d800000, 0x000000074d800000| Untracked 
| 189|0x000000074d900000, 0x000000074d900000, 0x000000074da00000|  0%| F|  |TAMS 0x000000074d900000, 0x000000074d900000| Untracked 
| 190|0x000000074da00000, 0x000000074da80800, 0x000000074db00000| 50%| E|  |TAMS 0x000000074da00000, 0x000000074da00000| Complete 
| 191|0x000000074db00000, 0x000000074dc00000, 0x000000074dc00000|100%| E|CS|TAMS 0x000000074db00000, 0x000000074db00000| Complete 

Card table byte_map: [0x000002d3fc540000,0x000002d3fcb40000] _byte_map_base: 0x000002d3f8b32000

Marking Bits (Prev, Next): (CMBitMap*) 0x000002d3fbb8e6e8, (CMBitMap*) 0x000002d3fbb8e728
 Prev Bits: [0x000002d397330000, 0x000002d39a2c0000)
 Next Bits: [0x000002d39a2c0000, 0x000002d39d250000)

Polling page: 0x000002d3f9a10000

Metaspace:

Usage:
  Non-class:      6.19 MB capacity,     5.10 MB ( 82%) used,     1.08 MB ( 17%) free+waste,    12.69 KB ( <1%) overhead. 
      Class:    646.00 KB capacity,   526.12 KB ( 81%) used,   113.63 KB ( 18%) free+waste,     6.25 KB ( <1%) overhead. 
       Both:      6.82 MB capacity,     5.61 MB ( 82%) used,     1.19 MB ( 17%) free+waste,    18.94 KB ( <1%) overhead. 

Virtual space:
  Non-class space:        8.00 MB reserved,       6.25 MB ( 78%) committed 
      Class space:        1.00 GB reserved,     768.00 KB ( <1%) committed 
             Both:        1.01 GB reserved,       7.00 MB ( <1%) committed 

Chunk freelists:
   Non-Class:  0 bytes
       Class:  0 bytes
        Both:  0 bytes

CodeHeap 'non-profiled nmethods': size=120000Kb used=465Kb max_used=465Kb free=119534Kb
 bounds [0x000002d38fe00000, 0x000002d390070000, 0x000002d397330000]
CodeHeap 'profiled nmethods': size=120000Kb used=1981Kb max_used=1981Kb free=118018Kb
 bounds [0x000002d3888d0000, 0x000002d388b40000, 0x000002d38fe00000]
CodeHeap 'non-nmethods': size=5760Kb used=1208Kb max_used=1242Kb free=4551Kb
 bounds [0x000002d388330000, 0x000002d3885a0000, 0x000002d3888d0000]
 total_blobs=1745 nmethods=1049 adapters=351
 compilation: enabled
              stopped_count=0, restarted_count=0
 full_count=0

Compilation events (10 events):
Event: 0.670 Thread 0x000002d3ffbec000  952       3       org.eclipse.jdt.launching.internal.org.objectweb.asm.ClassReader::readStackMapFrame (535 bytes)
Event: 0.672 Thread 0x000002d3ffbec000 nmethod 952 0x000002d388a89a10 code [0x000002d388a89ce0, 0x000002d388a8b060]
Event: 0.672 Thread 0x000002d3ffbec000  953       3       org.eclipse.jdt.launching.internal.org.objectweb.asm.ClassReader::readVerificationTypeInfo (184 bytes)
Event: 0.673 Thread 0x000002d3ffbec000 nmethod 953 0x000002d388a8b890 code [0x000002d388a8bbe0, 0x000002d388a8d9d0]
Event: 0.673 Thread 0x000002d3ffbec000  956       3       jdk.internal.jimage.ImageStringsReader::charsFromByteBuffer (186 bytes)
Event: 0.674 Thread 0x000002d3ffbec000 nmethod 956 0x000002d388a8e390 code [0x000002d388a8e740, 0x000002d388a8fe70]
Event: 0.674 Thread 0x000002d3ffbec000  954       3       org.eclipse.jdt.launching.internal.org.objectweb.asm.MethodWriter::putFrameType (83 bytes)
Event: 0.675 Thread 0x000002d3ffbec000 nmethod 954 0x000002d388a90610 code [0x000002d388a90880, 0x000002d388a912a0]
Event: 0.675 Thread 0x000002d3ffbec000  955       3       java.lang.String::toUpperCase (29 bytes)
Event: 0.675 Thread 0x000002d3ffbec000 nmethod 955 0x000002d388a91590 code [0x000002d388a91780, 0x000002d388a91ac0]

GC Heap History (0 events):
No events

Deoptimization events (10 events):
Event: 0.466 Thread 0x000002d3fbb39800 Uncommon trap: reason=bimorphic_or_optimized_type_check action=maybe_recompile pc=0x000002d38fe17044 method=java.util.AbstractCollection.isEmpty()Z @ 1 c2
Event: 0.467 Thread 0x000002d3fbb39800 Uncommon trap: reason=bimorphic_or_optimized_type_check action=maybe_recompile pc=0x000002d38fe17044 method=java.util.AbstractCollection.isEmpty()Z @ 1 c2
Event: 0.493 Thread 0x000002d3fbb39800 Uncommon trap: reason=unstable_if action=reinterpret pc=0x000002d38fe0e4d8 method=java.lang.CharacterDataLatin1.isJavaIdentifierPart(I)Z @ 11 c2
Event: 0.502 Thread 0x000002d3fbb39800 Uncommon trap: reason=unstable_if action=reinterpret pc=0x000002d38fe0f4ac method=java.lang.StringCoding.hasNegatives([BII)Z @ 12 c2
Event: 0.502 Thread 0x000002d3fbb39800 Uncommon trap: reason=unstable_if action=reinterpret pc=0x000002d38fe056b4 method=java.lang.String.charAt(I)C @ 4 c2
Event: 0.502 Thread 0x000002d3fbb39800 Uncommon trap: reason=unstable_if action=reinterpret pc=0x000002d38fe33afc method=java.lang.StringUTF16.compress([CI[BII)I @ 20 c2
Event: 0.531 Thread 0x000002d3fbb39800 Uncommon trap: reason=unstable_if action=reinterpret pc=0x000002d38fe3a1cc method=org.eclipse.jdt.launching.internal.org.objectweb.asm.ClassReader.readUtf(II[C)Ljava/lang/String; @ 41 c2
Event: 0.531 Thread 0x000002d3fbb39800 Uncommon trap: reason=unstable_fused_if action=reinterpret pc=0x000002d38fe38898 method=org.eclipse.jdt.launching.internal.org.objectweb.asm.ByteVector.putUTF8(Ljava/lang/String;)Lorg/eclipse/jdt/launching/internal/org/objectweb/asm/ByteVector; @ 93 c2
Event: 0.532 Thread 0x000002d3fbb39800 Uncommon trap: reason=unstable_if action=reinterpret pc=0x000002d38fe0b9d8 method=java.lang.String.hashCode()I @ 22 c2
Event: 0.572 Thread 0x000002d3fbb39800 Uncommon trap: reason=unstable_fused_if action=reinterpret pc=0x000002d38fe48b1c method=org.eclipse.jdt.launching.internal.org.objectweb.asm.ByteVector.putUTF8(Ljava/lang/String;)Lorg/eclipse/jdt/launching/internal/org/objectweb/asm/ByteVector; @ 93 c2

Classes redefined (0 events):
No events

Internal exceptions (4 events):
Event: 0.121 Thread 0x000002d3fbb39800 Exception <a 'java/lang/NoSuchMethodError'{0x000000074da4c610}: java.lang.invoke.DirectMethodHandle$Holder.invokeSpecialIFC(Ljava/lang/Object;Ljava/lang/Object;I)I> (0x000000074da4c610) thrown at [t:/workspace/open/src/hotspot/share/interpreter/linkResolv
Event: 0.176 Thread 0x000002d3fbb39800 Exception <a 'java/lang/NoSuchMethodError'{0x000000074d9a4d48}: java.lang.invoke.DirectMethodHandle$Holder.invokeSpecial(Ljava/lang/Object;Ljava/lang/Object;Ljava/lang/Object;Ljava/lang/Object;Ljava/lang/Object;)V> (0x000000074d9a4d48) thrown at [t:/works
Event: 0.179 Thread 0x000002d3fbb39800 Exception <a 'java/lang/IncompatibleClassChangeError'{0x000000074d9b5c78}: Found class java.lang.Object, but interface was expected> (0x000000074d9b5c78) thrown at [t:/workspace/open/src/hotspot/share/interpreter/linkResolver.cpp, line 843]
Event: 0.180 Thread 0x000002d3fbb39800 Exception <a 'java/lang/NoSuchMethodError'{0x000000074d9b8880}: java.lang.invoke.DirectMethodHandle$Holder.invokeStatic(Ljava/lang/Object;Ljava/lang/Object;Ljava/lang/Object;Ljava/lang/Object;)V> (0x000000074d9b8880) thrown at [t:/workspace/open/src/hotsp

Events (10 events):
Event: 0.655 loading class java/lang/invoke/BoundMethodHandle$Species_LLLLLLLJ
Event: 0.655 loading class java/lang/invoke/BoundMethodHandle$Species_LLLLLLLJ done
Event: 0.656 loading class java/lang/invoke/BoundMethodHandle$Species_LLLLLLLJL
Event: 0.656 loading class java/lang/invoke/BoundMethodHandle$Species_LLLLLLLJL done
Event: 0.664 loading class sun/nio/cs/GBK
Event: 0.665 loading class sun/nio/cs/GBK done
Event: 0.665 loading class sun/nio/cs/SJIS
Event: 0.666 loading class sun/nio/cs/SJIS done
Event: 0.668 loading class sun/nio/cs/MS932
Event: 0.668 loading class sun/nio/cs/MS932 done


Dynamic libraries:
0x00007ff7257f0000 - 0x00007ff7257ff000 	C:\Program Files\Java\jdk-12.0.1\bin\javaw.exe
0x00007ffea59c0000 - 0x00007ffea5bb0000 	C:\Windows\SYSTEM32\ntdll.dll
0x00007ffea58c0000 - 0x00007ffea5972000 	C:\Windows\System32\KERNEL32.DLL
0x00007ffea2d40000 - 0x00007ffea2fe3000 	C:\Windows\System32\KERNELBASE.dll
0x00007ffea2a10000 - 0x00007ffea2b0a000 	C:\Windows\System32\ucrtbase.dll
0x00007ffe9daf0000 - 0x00007ffe9db08000 	C:\Program Files\Java\jdk-12.0.1\bin\jli.dll
0x00007ffe9db10000 - 0x00007ffe9db26000 	C:\Program Files\Java\jdk-12.0.1\bin\VCRUNTIME140.dll
0x00007ffea3c80000 - 0x00007ffea3d23000 	C:\Windows\System32\ADVAPI32.dll
0x00007ffea54c0000 - 0x00007ffea555e000 	C:\Windows\System32\msvcrt.dll
0x00007ffea5170000 - 0x00007ffea5207000 	C:\Windows\System32\sechost.dll
0x00007ffea4a10000 - 0x00007ffea4b30000 	C:\Windows\System32\RPCRT4.dll
0x00007ffea3ae0000 - 0x00007ffea3c73000 	C:\Windows\System32\USER32.dll
0x00007ffe8dcd0000 - 0x00007ffe8df55000 	C:\Windows\WinSxS\amd64_microsoft.windows.common-controls_6595b64144ccf1df_6.0.18362.239_none_e6c7aebd130c7608\COMCTL32.dll
0x00007ffea3830000 - 0x00007ffea3851000 	C:\Windows\System32\win32u.dll
0x00007ffea4440000 - 0x00007ffea4776000 	C:\Windows\System32\combase.dll
0x00007ffea5410000 - 0x00007ffea5436000 	C:\Windows\System32\GDI32.dll
0x00007ffea2ba0000 - 0x00007ffea2d34000 	C:\Windows\System32\gdi32full.dll
0x00007ffea3a00000 - 0x00007ffea3a80000 	C:\Windows\System32\bcryptPrimitives.dll
0x00007ffea2ff0000 - 0x00007ffea308e000 	C:\Windows\System32\msvcp_win.dll
0x00007ffe9c610000 - 0x00007ffe9c61a000 	C:\Windows\SYSTEM32\VERSION.dll
0x00007ffea3d30000 - 0x00007ffea3d5e000 	C:\Windows\System32\IMM32.DLL
0x00007ffe95cd0000 - 0x00007ffe95d7a000 	C:\Program Files\Java\jdk-12.0.1\bin\msvcp140.dll
0x00007ffe599f0000 - 0x00007ffe5a564000 	C:\Program Files\Java\jdk-12.0.1\bin\server\jvm.dll
0x00007ffea4cf0000 - 0x00007ffea4cf8000 	C:\Windows\System32\PSAPI.DLL
0x00007ffea0470000 - 0x00007ffea0494000 	C:\Windows\SYSTEM32\WINMM.dll
0x00007ffe85ee0000 - 0x00007ffe85ee9000 	C:\Windows\SYSTEM32\WSOCK32.dll
0x00007ffea5850000 - 0x00007ffea58bf000 	C:\Windows\System32\WS2_32.dll
0x00007ffea0440000 - 0x00007ffea046d000 	C:\Windows\SYSTEM32\winmmbase.dll
0x00007ffea39b0000 - 0x00007ffea39fa000 	C:\Windows\System32\cfgmgr32.dll
0x00007ffea28b0000 - 0x00007ffea28c1000 	C:\Windows\System32\kernel.appcore.dll
0x00007ffe96220000 - 0x00007ffe96231000 	C:\Program Files\Java\jdk-12.0.1\bin\verify.dll
0x00007ffea1150000 - 0x00007ffea1344000 	C:\Windows\SYSTEM32\DBGHELP.DLL
0x00007ffe85d20000 - 0x00007ffe85d4a000 	C:\Windows\SYSTEM32\dbgcore.DLL
0x00007ffe93340000 - 0x00007ffe93366000 	C:\Program Files\Java\jdk-12.0.1\bin\java.dll
0x00007ffe9dab0000 - 0x00007ffe9dae8000 	C:\Program Files\Java\jdk-12.0.1\bin\jdwp.dll
0x00007ffea0690000 - 0x00007ffea069e000 	C:\Program Files\Java\jdk-12.0.1\bin\instrument.dll
0x00007ffe95b80000 - 0x00007ffe95b97000 	C:\Program Files\Java\jdk-12.0.1\bin\zip.dll
0x00007ffe9c4c0000 - 0x00007ffe9c4ca000 	C:\Program Files\Java\jdk-12.0.1\bin\jimage.dll
0x00007ffea3d60000 - 0x00007ffea4440000 	C:\Windows\System32\SHELL32.dll
0x00007ffea5210000 - 0x00007ffea52b9000 	C:\Windows\System32\shcore.dll
0x00007ffea3090000 - 0x00007ffea380b000 	C:\Windows\System32\windows.storage.dll
0x00007ffea2920000 - 0x00007ffea293f000 	C:\Windows\System32\profapi.dll
0x00007ffea28d0000 - 0x00007ffea291a000 	C:\Windows\System32\powrprof.dll
0x00007ffea28a0000 - 0x00007ffea28b0000 	C:\Windows\System32\UMPDC.dll
0x00007ffea4b30000 - 0x00007ffea4b82000 	C:\Windows\System32\shlwapi.dll
0x00007ffea3810000 - 0x00007ffea3827000 	C:\Windows\System32\cryptsp.dll
0x00007ffe95440000 - 0x00007ffe95459000 	C:\Program Files\Java\jdk-12.0.1\bin\net.dll
0x00007ffe93cc0000 - 0x00007ffe93db0000 	C:\Windows\SYSTEM32\WINHTTP.dll
0x00007ffe8ea80000 - 0x00007ffe8ec56000 	C:\Windows\SYSTEM32\urlmon.dll
0x00007ffe93e90000 - 0x00007ffe94136000 	C:\Windows\SYSTEM32\iertutil.dll
0x00007ffea22e0000 - 0x00007ffea22ec000 	C:\Windows\SYSTEM32\CRYPTBASE.DLL
0x00007ffea2110000 - 0x00007ffea2177000 	C:\Windows\system32\mswsock.dll
0x00007ffe93320000 - 0x00007ffe93333000 	C:\Program Files\Java\jdk-12.0.1\bin\nio.dll
0x00007ffe9dc40000 - 0x00007ffe9dc4a000 	C:\Program Files\Java\jdk-12.0.1\bin\dt_socket.dll
0x00007ffea1eb0000 - 0x00007ffea1f7a000 	C:\Windows\SYSTEM32\DNSAPI.dll
0x00007ffea5400000 - 0x00007ffea5408000 	C:\Windows\System32\NSI.dll
0x00007ffea1e70000 - 0x00007ffea1eaa000 	C:\Windows\SYSTEM32\IPHLPAPI.DLL
0x00007ffe965b0000 - 0x00007ffe96627000 	C:\Windows\System32\fwpuclnt.dll
0x00007ffea2b70000 - 0x00007ffea2b96000 	C:\Windows\System32\bcrypt.dll
0x00007ffe93b80000 - 0x00007ffe93b8a000 	C:\Windows\System32\rasadhlp.dll

dbghelp: loaded successfully - version: 4.0.5 - missing functions: none
symbol engine: initialized successfully - sym options: 0x614 - pdb path: .;C:\Program Files\Java\jdk-12.0.1\bin;C:\Windows\SYSTEM32;C:\Windows\WinSxS\amd64_microsoft.windows.common-controls_6595b64144ccf1df_6.0.18362.239_none_e6c7aebd130c7608;C:\Program Files\Java\jdk-12.0.1\bin\server

VM Arguments:
jvm_args: -agentlib:jdwp=transport=dt_socket,suspend=y,address=localhost:56028 -javaagent:C:\Users\BYEONGGYU\eclipse\java-latest-released\eclipse\configuration\org.eclipse.osgi\609\0\.cp\lib\javaagent-shaded.jar -Dfile.encoding=MS949 --module-path=C:\Users\BYEONGGYU\Downloads\ojdbc14.jar;C:\Users\BYEONGGYU\Desktop\mysql-connector-java-5.1.47\mysql-connector-java-5.1.47.jar;C:\Users\BYEONGGYU\Desktop\mysql-connector-java-5.1.47\mysql-connector-java-5.1.47-bin.jar 
java_command: p190712.WDB_1900712
java_class_path (initial): C:\Users\BYEONGGYU\eclipse-workspace\p190712\bin
Launcher Type: SUN_STANDARD

[Global flags]
     intx CICompilerCount                          = 4                                         {product} {ergonomic}
     uint ConcGCThreads                            = 2                                         {product} {ergonomic}
     uint G1ConcRefinementThreads                  = 8                                         {product} {ergonomic}
   size_t G1HeapRegionSize                         = 1048576                                   {product} {ergonomic}
    uintx GCDrainStackTargetSize                   = 64                                        {product} {ergonomic}
   size_t InitialHeapSize                          = 201326592                                 {product} {ergonomic}
   size_t MarkStackSize                            = 4194304                                   {product} {ergonomic}
   size_t MaxHeapSize                              = 3191865344                                {product} {ergonomic}
   size_t MaxNewSize                               = 1914699776                                {product} {ergonomic}
   size_t MinHeapDeltaBytes                        = 1048576                                   {product} {ergonomic}
    uintx NonNMethodCodeHeapSize                   = 5836300                                {pd product} {ergonomic}
    uintx NonProfiledCodeHeapSize                  = 122910970                              {pd product} {ergonomic}
    uintx ProfiledCodeHeapSize                     = 122910970                              {pd product} {ergonomic}
    uintx ReservedCodeCacheSize                    = 251658240                              {pd product} {ergonomic}
     bool SegmentedCodeCache                       = true                                      {product} {ergonomic}
     bool UseCompressedClassPointers               = true                                 {lp64_product} {ergonomic}
     bool UseCompressedOops                        = true                                 {lp64_product} {ergonomic}
     bool UseG1GC                                  = true                                      {product} {ergonomic}
     bool UseLargePagesIndividualAllocation        = false                                  {pd product} {ergonomic}

Logging:
Log output configuration:
 #0: stdout all=warning uptime,level,tags
 #1: stderr all=off uptime,level,tags

Environment Variables:
JAVA_HOME=C:\Program Files\Java\jdk-12.0.1
CLASSPATH=C:\Program Files\Java\jdk-12.0.1\lib
PATH=C:/Program Files/Java/jdk-12.0.1/bin/server;C:/Program Files/Java/jdk-12.0.1/bin;C:\oraclexe\app\oracle\product\11.2.0\server\bin;;C:\Program Files\Java\jdk-12.0.1\bin;C:\Program Files\Java\jdk-12.0.1;C:\Program Files (x86)\Common Files\Oracle\Java\javapath;C:\Windows\system32;C:\Windows;C:\Windows\System32\Wbem;C:\Windows\System32\WindowsPowerShell\v1.0\;C:\Windows\System32\OpenSSH\;C:\Program Files (x86)\NVIDIA Corporation\PhysX\Common;C:\Program Files\Intel\WiFi\bin\;C:\Program Files\Common Files\Intel\WirelessCommon\;C:\Users\BYEONGGYU\AppData\Local\Microsoft\WindowsApps;C:\Program Files\Bandizip\;C:\Users\BYEONGGYU\Desktop;
USERNAME=BYEONGGYU
OS=Windows_NT
PROCESSOR_IDENTIFIER=Intel64 Family 6 Model 142 Stepping 11, GenuineIntel



---------------  S Y S T E M  ---------------

OS: Windows 10 , 64 bit Build 18362 (10.0.18362.86)

CPU:total 8 (initial active 8) (4 cores per cpu, 2 threads per core) family 6 model 142 stepping 11, cmov, cx8, fxsr, mmx, sse, sse2, sse3, ssse3, sse4.1, sse4.2, popcnt, avx, avx2, aes, clmul, erms, 3dnowpref, lzcnt, ht, tsc, tscinvbit, bmi1, bmi2, adx, fma

Memory: 4k page, system-wide physical 12171M (5934M free)
TotalPageFile size 13195M (AvailPageFile size 5M)
current process WorkingSet (physical memory assigned to process): 93M, peak: 93M
current process commit charge ("private bytes"): 313M, peak: 315M

vm_info: Java HotSpot(TM) 64-Bit Server VM (12.0.1+12) for windows-amd64 JRE (12.0.1+12), built on Apr  2 2019 14:02:19 by "mach5one" with MS VC++ 15.5 (VS2017)

END.
